<?xml version="1.0" encoding="utf-8"?><testsuites name="pytest tests"><testsuite name="pytest" errors="0" failures="0" skipped="0" tests="12" time="3.098" timestamp="2026-02-15T02:44:20.074880+00:00" hostname="agent-env-12122449-24e5-4232-8592-bb8ecb828259"><testcase classname="backend.tests.test_kanban_stage_api.TestKanbanStageAPI" name="test_api_health" time="0.145" /><testcase classname="backend.tests.test_kanban_stage_api.TestKanbanStageAPI" name="test_update_stage_to_stitching" time="0.473" /><testcase classname="backend.tests.test_kanban_stage_api.TestKanbanStageAPI" name="test_update_stage_to_bartack" time="0.145" /><testcase classname="backend.tests.test_kanban_stage_api.TestKanbanStageAPI" name="test_update_stage_to_washing_dyeing" time="0.134" /><testcase classname="backend.tests.test_kanban_stage_api.TestKanbanStageAPI" name="test_update_stage_to_completed" time="0.119" /><testcase classname="backend.tests.test_kanban_stage_api.TestKanbanStageAPI" name="test_update_stage_to_cutting" time="0.109" /><testcase classname="backend.tests.test_kanban_stage_api.TestKanbanStageAPI" name="test_invalid_stage_rejected" time="0.179" /><testcase classname="backend.tests.test_kanban_stage_api.TestKanbanStageAPI" name="test_nonexistent_lot_returns_404" time="0.128" /><testcase classname="backend.tests.test_kanban_stage_api.TestKanbanStageAPI" name="test_stage_update_persists" time="0.303" /><testcase classname="backend.tests.test_kanban_stage_api.TestDashboardStatsAPI" name="test_dashboard_stats" time="0.108" /><testcase classname="backend.tests.test_kanban_stage_api.TestLotsListAPI" name="test_get_all_lots" time="0.369" /><testcase classname="backend.tests.test_kanban_stage_api.TestLotsListAPI" name="test_filter_lots_by_stage" time="0.822" /></testsuite></testsuites>