<?xml version="1.0" encoding="utf-8"?><testsuites name="pytest tests"><testsuite name="pytest" errors="0" failures="0" skipped="0" tests="13" time="6.411" timestamp="2026-02-15T02:36:20.985554+00:00" hostname="agent-env-12122449-24e5-4232-8592-bb8ecb828259"><testcase classname="backend.tests.test_fabverse_api.TestAuth" name="test_health_check" time="0.277" /><testcase classname="backend.tests.test_fabverse_api.TestAuth" name="test_login_success" time="0.340" /><testcase classname="backend.tests.test_fabverse_api.TestAuth" name="test_login_invalid_credentials" time="0.118" /><testcase classname="backend.tests.test_fabverse_api.TestDashboard" name="test_dashboard_stats" time="0.457" /><testcase classname="backend.tests.test_fabverse_api.TestLotsCRUD" name="test_create_lot" time="0.770" /><testcase classname="backend.tests.test_fabverse_api.TestLotsCRUD" name="test_get_all_lots" time="0.732" /><testcase classname="backend.tests.test_fabverse_api.TestLotsCRUD" name="test_get_lots_with_search" time="0.500" /><testcase classname="backend.tests.test_fabverse_api.TestLotsCRUD" name="test_get_lots_with_stage_filter" time="0.530" /><testcase classname="backend.tests.test_fabverse_api.TestChallans" name="test_get_all_challans" time="0.480" /><testcase classname="backend.tests.test_fabverse_api.TestChallans" name="test_get_challans_by_type" time="0.606" /><testcase classname="backend.tests.test_fabverse_api.TestReports" name="test_reports_summary" time="0.514" /><testcase classname="backend.tests.test_fabverse_api.TestExcelExport" name="test_excel_export" time="0.865" /><testcase classname="backend.tests.test_fabverse_api.TestFirmSettings" name="test_get_firm_settings" time="0.157" /></testsuite></testsuites>