<?xml version="1.0" encoding="utf-8"?><testsuites name="pytest tests"><testsuite name="pytest" errors="0" failures="1" skipped="0" tests="17" time="4.402" timestamp="2026-02-16T04:59:08.744590+00:00" hostname="agent-env-12122449-24e5-4232-8592-bb8ecb828259"><testcase classname="tests.test_gender_turnaround_delayed.TestGenderValidation" name="test_gender_mens_accepted" time="1.385" /><testcase classname="tests.test_gender_turnaround_delayed.TestGenderValidation" name="test_gender_womens_accepted" time="0.256" /><testcase classname="tests.test_gender_turnaround_delayed.TestGenderValidation" name="test_gender_kids_accepted" time="0.234" /><testcase classname="tests.test_gender_turnaround_delayed.TestGenderValidation" name="test_gender_unisex_rejected" time="0.117" /><testcase classname="tests.test_gender_turnaround_delayed.TestGenderValidation" name="test_gender_male_rejected" time="0.116" /><testcase classname="tests.test_gender_turnaround_delayed.TestGenderValidation" name="test_gender_female_rejected" time="0.113" /><testcase classname="tests.test_gender_turnaround_delayed.TestGenderValidation" name="test_gender_empty_rejected" time="0.117"><failure message="AssertionError: Expected 422 but got 200&#10;assert 200 == 422&#10; +  where 200 = &lt;Response [200]&gt;.status_code">tests/test_gender_turnaround_delayed.py:155: in test_gender_empty_rejected
    assert response.status_code == 422, f"Expected 422 but got {response.status_code}"
E   AssertionError: Expected 422 but got 200
E   assert 200 == 422
E    +  where 200 = &lt;Response [200]&gt;.status_code</failure></testcase><testcase classname="tests.test_gender_turnaround_delayed.TestTurnaroundTimeAPI" name="test_turnaround_endpoint_returns_200" time="0.301" /><testcase classname="tests.test_gender_turnaround_delayed.TestTurnaroundTimeAPI" name="test_turnaround_response_structure" time="0.305" /><testcase classname="tests.test_gender_turnaround_delayed.TestTurnaroundTimeAPI" name="test_turnaround_values_are_numeric" time="0.330" /><testcase classname="tests.test_gender_turnaround_delayed.TestDelayedLotsAPI" name="test_delayed_endpoint_returns_200" time="0.148" /><testcase classname="tests.test_gender_turnaround_delayed.TestDelayedLotsAPI" name="test_delayed_endpoint_with_days_parameter" time="0.118" /><testcase classname="tests.test_gender_turnaround_delayed.TestDelayedLotsAPI" name="test_delayed_response_structure" time="0.129" /><testcase classname="tests.test_gender_turnaround_delayed.TestDelayedLotsAPI" name="test_delayed_threshold_is_honored" time="0.155" /><testcase classname="tests.test_gender_turnaround_delayed.TestDelayedLotsAPI" name="test_delayed_lots_structure_if_present" time="0.138" /><testcase classname="tests.test_gender_turnaround_delayed.TestDelayedLotsAPI" name="test_delayed_default_threshold" time="0.132" /><testcase classname="tests.test_gender_turnaround_delayed.TestReportsSummaryIntegration" name="test_reports_summary_endpoint" time="0.110" /></testsuite></testsuites>