<?xml version="1.0" encoding="utf-8"?><testsuites name="pytest tests"><testsuite name="pytest" errors="0" failures="0" skipped="0" tests="17" time="4.296" timestamp="2026-02-16T04:59:27.177622+00:00" hostname="agent-env-12122449-24e5-4232-8592-bb8ecb828259"><testcase classname="tests.test_gender_turnaround_delayed.TestGenderValidation" name="test_gender_mens_accepted" time="0.258" /><testcase classname="tests.test_gender_turnaround_delayed.TestGenderValidation" name="test_gender_womens_accepted" time="0.262" /><testcase classname="tests.test_gender_turnaround_delayed.TestGenderValidation" name="test_gender_kids_accepted" time="0.216" /><testcase classname="tests.test_gender_turnaround_delayed.TestGenderValidation" name="test_gender_unisex_rejected" time="0.117" /><testcase classname="tests.test_gender_turnaround_delayed.TestGenderValidation" name="test_gender_male_rejected" time="0.781" /><testcase classname="tests.test_gender_turnaround_delayed.TestGenderValidation" name="test_gender_female_rejected" time="0.145" /><testcase classname="tests.test_gender_turnaround_delayed.TestGenderValidation" name="test_gender_empty_accepted" time="0.212" /><testcase classname="tests.test_gender_turnaround_delayed.TestTurnaroundTimeAPI" name="test_turnaround_endpoint_returns_200" time="0.568" /><testcase classname="tests.test_gender_turnaround_delayed.TestTurnaroundTimeAPI" name="test_turnaround_response_structure" time="0.328" /><testcase classname="tests.test_gender_turnaround_delayed.TestTurnaroundTimeAPI" name="test_turnaround_values_are_numeric" time="0.361" /><testcase classname="tests.test_gender_turnaround_delayed.TestDelayedLotsAPI" name="test_delayed_endpoint_returns_200" time="0.129" /><testcase classname="tests.test_gender_turnaround_delayed.TestDelayedLotsAPI" name="test_delayed_endpoint_with_days_parameter" time="0.133" /><testcase classname="tests.test_gender_turnaround_delayed.TestDelayedLotsAPI" name="test_delayed_response_structure" time="0.163" /><testcase classname="tests.test_gender_turnaround_delayed.TestDelayedLotsAPI" name="test_delayed_threshold_is_honored" time="0.171" /><testcase classname="tests.test_gender_turnaround_delayed.TestDelayedLotsAPI" name="test_delayed_lots_structure_if_present" time="0.126" /><testcase classname="tests.test_gender_turnaround_delayed.TestDelayedLotsAPI" name="test_delayed_default_threshold" time="0.135" /><testcase classname="tests.test_gender_turnaround_delayed.TestReportsSummaryIntegration" name="test_reports_summary_endpoint" time="0.126" /></testsuite></testsuites>