<?xml version="1.0" encoding="utf-8"?><testsuites name="pytest tests"><testsuite name="pytest" errors="0" failures="0" skipped="0" tests="19" time="21.521" timestamp="2026-02-17T04:05:31.289060+00:00" hostname="agent-env-582851e0-e4f6-468c-a2d5-16bb05ff8dcd"><testcase classname="backend.tests.test_bulk_operations.TestBulkOperationsAPI" name="test_bulk_status_change_to_in_progress" time="1.110" /><testcase classname="backend.tests.test_bulk_operations.TestBulkOperationsAPI" name="test_bulk_status_change_to_completed" time="1.267" /><testcase classname="backend.tests.test_bulk_operations.TestBulkOperationsAPI" name="test_bulk_status_change_to_delayed" time="0.978" /><testcase classname="backend.tests.test_bulk_operations.TestBulkOperationsAPI" name="test_bulk_status_invalid_status" time="1.677" /><testcase classname="backend.tests.test_bulk_operations.TestBulkOperationsAPI" name="test_bulk_status_empty_lot_ids" time="0.981" /><testcase classname="backend.tests.test_bulk_operations.TestBulkOperationsAPI" name="test_bulk_status_requires_auth" time="0.991" /><testcase classname="backend.tests.test_bulk_operations.TestBulkOperationsAPI" name="test_bulk_stage_change_to_stitching" time="0.929" /><testcase classname="backend.tests.test_bulk_operations.TestBulkOperationsAPI" name="test_bulk_stage_change_to_bartack" time="1.643" /><testcase classname="backend.tests.test_bulk_operations.TestBulkOperationsAPI" name="test_bulk_stage_change_to_washing" time="1.012" /><testcase classname="backend.tests.test_bulk_operations.TestBulkOperationsAPI" name="test_bulk_stage_change_to_completed" time="1.137" /><testcase classname="backend.tests.test_bulk_operations.TestBulkOperationsAPI" name="test_bulk_stage_invalid_stage" time="0.769" /><testcase classname="backend.tests.test_bulk_operations.TestBulkOperationsAPI" name="test_bulk_stage_empty_lot_ids" time="0.888" /><testcase classname="backend.tests.test_bulk_operations.TestBulkOperationsAPI" name="test_bulk_stage_requires_auth" time="1.076" /><testcase classname="backend.tests.test_bulk_operations.TestBulkOperationsAPI" name="test_bulk_delete_multiple_lots" time="1.420" /><testcase classname="backend.tests.test_bulk_operations.TestBulkOperationsAPI" name="test_bulk_delete_empty_lot_ids" time="0.788" /><testcase classname="backend.tests.test_bulk_operations.TestBulkOperationsAPI" name="test_bulk_delete_requires_auth" time="0.877" /><testcase classname="backend.tests.test_bulk_operations.TestBulkOperationsAPI" name="test_bulk_delete_nonexistent_lots" time="1.301" /><testcase classname="backend.tests.test_bulk_operations.TestBulkOperationsAPI" name="test_bulk_stage_cutting_sets_pending_status" time="1.073" /><testcase classname="backend.tests.test_bulk_operations.TestBulkOperationsAPI" name="test_bulk_stage_stitching_sets_in_progress_status" time="1.492" /></testsuite></testsuites>